{"D:\\projets\\face-liveness-check\\src\\App.tsx": {"path":"D:\\projets\\face-liveness-check\\src\\App.tsx","statementMap":{"0":{"start":{"line":5,"column":0},"end":{"line":5,"column":24}},"1":{"start":{"line":1,"column":0},"end":{"line":1,"column":55}},"2":{"start":{"line":2,"column":0},"end":{"line":2,"column":59}},"3":{"start":{"line":3,"column":0},"end":{"line":3,"column":55}},"4":{"start":{"line":6,"column":2},"end":{"line":17,"column":null}}},"fnMap":{"0":{"name":"App","decl":{"start":{"line":5,"column":24},"end":{"line":5,"column":27}},"loc":{"start":{"line":5,"column":27},"end":{"line":18,"column":1}}}},"branchMap":{},"s":{"0":0,"1":0,"2":0,"3":0,"4":0},"f":{"0":0},"b":{}}
,"D:\\projets\\face-liveness-check\\src\\components\\head-avatar.tsx": {"path":"D:\\projets\\face-liveness-check\\src\\components\\head-avatar.tsx","statementMap":{"0":{"start":{"line":6,"column":0},"end":{"line":6,"column":16}},"1":{"start":{"line":8,"column":2},"end":{"line":33,"column":3}},"2":{"start":{"line":9,"column":4},"end":{"line":32,"column":null}},"3":{"start":{"line":36,"column":2},"end":{"line":61,"column":3}},"4":{"start":{"line":37,"column":4},"end":{"line":60,"column":null}},"5":{"start":{"line":64,"column":2},"end":{"line":91,"column":null}}},"fnMap":{"0":{"name":"HeadAvatar","decl":{"start":{"line":6,"column":16},"end":{"line":6,"column":26}},"loc":{"start":{"line":6,"column":73},"end":{"line":92,"column":1}}}},"branchMap":{"0":{"loc":{"start":{"line":6,"column":40},"end":{"line":6,"column":54}},"type":"default-arg","locations":[{"start":{"line":6,"column":52},"end":{"line":6,"column":54}}]},"1":{"loc":{"start":{"line":8,"column":2},"end":{"line":33,"column":3}},"type":"if","locations":[{"start":{"line":8,"column":2},"end":{"line":33,"column":3}},{"start":{},"end":{}}]},"2":{"loc":{"start":{"line":36,"column":2},"end":{"line":61,"column":3}},"type":"if","locations":[{"start":{"line":36,"column":2},"end":{"line":61,"column":3}},{"start":{},"end":{}}]}},"s":{"0":0,"1":0,"2":0,"3":0,"4":0,"5":0},"f":{"0":0},"b":{"0":[0],"1":[0,0],"2":[0,0]}}
,"D:\\projets\\face-liveness-check\\src\\components\\theme-provider.tsx": {"path":"D:\\projets\\face-liveness-check\\src\\components\\theme-provider.tsx","statementMap":{"0":{"start":{"line":24,"column":0},"end":{"line":24,"column":16}},"1":{"start":{"line":1,"column":0},"end":{"line":1,"column":30}},"2":{"start":{"line":2,"column":0},"end":{"line":2,"column":70}},"3":{"start":{"line":17,"column":41},"end":{"line":20,"column":null}},"4":{"start":{"line":19,"column":18},"end":{"line":19,"column":22}},"5":{"start":{"line":22,"column":29},"end":{"line":22,"column":76}},"6":{"start":{"line":30,"column":28},"end":{"line":31,"column":null}},"7":{"start":{"line":31,"column":11},"end":{"line":31,"column":69}},"8":{"start":{"line":34,"column":2},"end":{"line":50,"column":null}},"9":{"start":{"line":35,"column":17},"end":{"line":35,"column":48}},"10":{"start":{"line":37,"column":4},"end":{"line":37,"column":null}},"11":{"start":{"line":39,"column":4},"end":{"line":47,"column":5}},"12":{"start":{"line":40,"column":26},"end":{"line":43,"column":17}},"13":{"start":{"line":45,"column":6},"end":{"line":45,"column":null}},"14":{"start":{"line":46,"column":6},"end":{"line":46,"column":12}},"15":{"start":{"line":49,"column":4},"end":{"line":49,"column":null}},"16":{"start":{"line":52,"column":16},"end":{"line":58,"column":null}},"17":{"start":{"line":55,"column":6},"end":{"line":55,"column":null}},"18":{"start":{"line":56,"column":6},"end":{"line":56,"column":null}},"19":{"start":{"line":60,"column":2},"end":{"line":64,"column":null}},"20":{"start":{"line":67,"column":24},"end":{"line":74,"column":1}},"21":{"start":{"line":68,"column":18},"end":{"line":68,"column":50}},"22":{"start":{"line":70,"column":2},"end":{"line":71,"column":null}},"23":{"start":{"line":71,"column":4},"end":{"line":71,"column":null}},"24":{"start":{"line":73,"column":2},"end":{"line":73,"column":null}},"25":{"start":{"line":67,"column":13},"end":{"line":67,"column":24}}},"fnMap":{"0":{"name":"(anonymous_0)","decl":{"start":{"line":19,"column":12},"end":{"line":19,"column":15}},"loc":{"start":{"line":19,"column":18},"end":{"line":19,"column":22}}},"1":{"name":"ThemeProvider","decl":{"start":{"line":24,"column":16},"end":{"line":24,"column":29}},"loc":{"start":{"line":29,"column":21},"end":{"line":65,"column":1}}},"2":{"name":"(anonymous_2)","decl":{"start":{"line":31,"column":4},"end":{"line":31,"column":7}},"loc":{"start":{"line":31,"column":11},"end":{"line":31,"column":69}}},"3":{"name":"(anonymous_3)","decl":{"start":{"line":34,"column":12},"end":{"line":34,"column":15}},"loc":{"start":{"line":34,"column":17},"end":{"line":50,"column":3}}},"4":{"name":"(anonymous_4)","decl":{"start":{"line":54,"column":14},"end":{"line":54,"column":15}},"loc":{"start":{"line":54,"column":31},"end":{"line":57,"column":5}}},"5":{"name":"(anonymous_5)","decl":{"start":{"line":67,"column":24},"end":{"line":67,"column":27}},"loc":{"start":{"line":67,"column":29},"end":{"line":74,"column":1}}}},"branchMap":{"0":{"loc":{"start":{"line":26,"column":2},"end":{"line":26,"column":25}},"type":"default-arg","locations":[{"start":{"line":26,"column":17},"end":{"line":26,"column":25}}]},"1":{"loc":{"start":{"line":27,"column":2},"end":{"line":27,"column":30}},"type":"default-arg","locations":[{"start":{"line":27,"column":15},"end":{"line":27,"column":30}}]},"2":{"loc":{"start":{"line":31,"column":11},"end":{"line":31,"column":69}},"type":"binary-expr","locations":[{"start":{"line":31,"column":11},"end":{"line":31,"column":53}},{"start":{"line":31,"column":57},"end":{"line":31,"column":69}}]},"3":{"loc":{"start":{"line":39,"column":4},"end":{"line":47,"column":5}},"type":"if","locations":[{"start":{"line":39,"column":4},"end":{"line":47,"column":5}},{"start":{},"end":{}}]},"4":{"loc":{"start":{"line":40,"column":26},"end":{"line":43,"column":17}},"type":"cond-expr","locations":[{"start":{"line":42,"column":10},"end":{"line":42,"column":16}},{"start":{"line":43,"column":10},"end":{"line":43,"column":17}}]},"5":{"loc":{"start":{"line":70,"column":2},"end":{"line":71,"column":null}},"type":"if","locations":[{"start":{"line":70,"column":2},"end":{"line":71,"column":null}},{"start":{},"end":{}}]}},"s":{"0":0,"1":0,"2":0,"3":0,"4":0,"5":0,"6":0,"7":0,"8":0,"9":0,"10":0,"11":0,"12":0,"13":0,"14":0,"15":0,"16":0,"17":0,"18":0,"19":0,"20":0,"21":0,"22":0,"23":0,"24":0,"25":0},"f":{"0":0,"1":0,"2":0,"3":0,"4":0,"5":0},"b":{"0":[0],"1":[0],"2":[0,0],"3":[0,0],"4":[0,0],"5":[0,0]}}
,"D:\\projets\\face-liveness-check\\src\\components\\theme-toggle.tsx": {"path":"D:\\projets\\face-liveness-check\\src\\components\\theme-toggle.tsx","statementMap":{"0":{"start":{"line":5,"column":0},"end":{"line":5,"column":16}},"1":{"start":{"line":1,"column":0},"end":{"line":1,"column":40}},"2":{"start":{"line":2,"column":0},"end":{"line":2,"column":47}},"3":{"start":{"line":3,"column":0},"end":{"line":3,"column":54}},"4":{"start":{"line":6,"column":30},"end":{"line":6,"column":40}},"5":{"start":{"line":8,"column":22},"end":{"line":10,"column":3}},"6":{"start":{"line":9,"column":4},"end":{"line":9,"column":null}},"7":{"start":{"line":12,"column":2},"end":{"line":23,"column":null}}},"fnMap":{"0":{"name":"ThemeToggle","decl":{"start":{"line":5,"column":16},"end":{"line":5,"column":27}},"loc":{"start":{"line":5,"column":27},"end":{"line":24,"column":1}}},"1":{"name":"(anonymous_1)","decl":{"start":{"line":8,"column":22},"end":{"line":8,"column":25}},"loc":{"start":{"line":8,"column":27},"end":{"line":10,"column":3}}}},"branchMap":{"0":{"loc":{"start":{"line":9,"column":13},"end":{"line":9,"column":49}},"type":"cond-expr","locations":[{"start":{"line":9,"column":33},"end":{"line":9,"column":39}},{"start":{"line":9,"column":42},"end":{"line":9,"column":49}}]}},"s":{"0":0,"1":0,"2":0,"3":0,"4":0,"5":0,"6":0,"7":0},"f":{"0":0,"1":0},"b":{"0":[0,0]}}
,"D:\\projets\\face-liveness-check\\src\\components\\liveness-check\\LivenessCaptureGallery.tsx": {"path":"D:\\projets\\face-liveness-check\\src\\components\\liveness-check\\LivenessCaptureGallery.tsx","statementMap":{"0":{"start":{"line":20,"column":0},"end":{"line":20,"column":16}},"1":{"start":{"line":29,"column":2},"end":{"line":31,"column":3}},"2":{"start":{"line":30,"column":4},"end":{"line":30,"column":null}},"3":{"start":{"line":33,"column":2},"end":{"line":35,"column":3}},"4":{"start":{"line":34,"column":4},"end":{"line":34,"column":null}},"5":{"start":{"line":37,"column":42},"end":{"line":41,"column":5}},"6":{"start":{"line":37,"column":76},"end":{"line":41,"column":4}},"7":{"start":{"line":39,"column":32},"end":{"line":39,"column":53}},"8":{"start":{"line":43,"column":2},"end":{"line":74,"column":null}},"9":{"start":{"line":61,"column":12},"end":{"line":68,"column":null}}},"fnMap":{"0":{"name":"LivenessCaptureGallery","decl":{"start":{"line":20,"column":16},"end":{"line":20,"column":38}},"loc":{"start":{"line":28,"column":30},"end":{"line":75,"column":1}}},"1":{"name":"(anonymous_1)","decl":{"start":{"line":23,"column":15},"end":{"line":23,"column":18}},"loc":{"start":{"line":23,"column":20},"end":{"line":23,"column":23}}},"2":{"name":"(anonymous_2)","decl":{"start":{"line":37,"column":55},"end":{"line":37,"column":56}},"loc":{"start":{"line":37,"column":76},"end":{"line":41,"column":4}}},"3":{"name":"(anonymous_3)","decl":{"start":{"line":39,"column":25},"end":{"line":39,"column":26}},"loc":{"start":{"line":39,"column":32},"end":{"line":39,"column":53}}},"4":{"name":"(anonymous_4)","decl":{"start":{"line":60,"column":27},"end":{"line":60,"column":28}},"loc":{"start":{"line":61,"column":12},"end":{"line":68,"column":null}}}},"branchMap":{"0":{"loc":{"start":{"line":23,"column":2},"end":{"line":23,"column":23}},"type":"default-arg","locations":[{"start":{"line":23,"column":15},"end":{"line":23,"column":23}}]},"1":{"loc":{"start":{"line":29,"column":2},"end":{"line":31,"column":3}},"type":"if","locations":[{"start":{"line":29,"column":2},"end":{"line":31,"column":3}},{"start":{},"end":{}}]},"2":{"loc":{"start":{"line":29,"column":6},"end":{"line":29,"column":42}},"type":"binary-expr","locations":[{"start":{"line":29,"column":6},"end":{"line":29,"column":27}},{"start":{"line":29,"column":31},"end":{"line":29,"column":42}}]},"3":{"loc":{"start":{"line":33,"column":2},"end":{"line":35,"column":3}},"type":"if","locations":[{"start":{"line":33,"column":2},"end":{"line":35,"column":3}},{"start":{},"end":{}}]},"4":{"loc":{"start":{"line":46,"column":7},"end":{"line":51,"column":null}},"type":"cond-expr","locations":[{"start":{"line":47,"column":8},"end":{"line":47,"column":37}},{"start":{"line":49,"column":8},"end":{"line":50,"column":null}}]},"5":{"loc":{"start":{"line":56,"column":9},"end":{"line":70,"column":null}},"type":"cond-expr","locations":[{"start":{"line":57,"column":10},"end":{"line":57,"column":44}},{"start":{"line":60,"column":10},"end":{"line":69,"column":null}}]},"6":{"loc":{"start":{"line":61,"column":12},"end":{"line":68,"column":null}},"type":"cond-expr","locations":[{"start":{"line":62,"column":14},"end":{"line":62,"column":null}},{"start":{"line":66,"column":14},"end":{"line":66,"column":52}}]},"7":{"loc":{"start":{"line":67,"column":17},"end":{"line":67,"column":52}},"type":"binary-expr","locations":[{"start":{"line":67,"column":17},"end":{"line":67,"column":41}},{"start":{"line":67,"column":45},"end":{"line":67,"column":52}}]}},"s":{"0":1,"1":12,"2":1,"3":11,"4":0,"5":11,"6":22,"7":34,"8":11,"9":18},"f":{"0":12,"1":0,"2":22,"3":34,"4":18},"b":{"0":[0],"1":[1,11],"2":[12,1],"3":[0,11],"4":[1,10],"5":[2,9],"6":[10,8],"7":[8,0]}}
,"D:\\projets\\face-liveness-check\\src\\components\\liveness-check\\LivenessCheckContainer.tsx": {"path":"D:\\projets\\face-liveness-check\\src\\components\\liveness-check\\LivenessCheckContainer.tsx","statementMap":{"0":{"start":{"line":8,"column":0},"end":{"line":8,"column":16}},"1":{"start":{"line":1,"column":0},"end":{"line":1,"column":45}},"2":{"start":{"line":2,"column":0},"end":{"line":2,"column":65}},"3":{"start":{"line":3,"column":0},"end":{"line":3,"column":46}},"4":{"start":{"line":4,"column":0},"end":{"line":4,"column":59}},"5":{"start":{"line":5,"column":0},"end":{"line":5,"column":69}},"6":{"start":{"line":9,"column":30},"end":{"line":9,"column":61}},"7":{"start":{"line":12,"column":52},"end":{"line":15,"column":4}},"8":{"start":{"line":14,"column":19},"end":{"line":14,"column":36}},"9":{"start":{"line":17,"column":54},"end":{"line":17,"column":71}},"10":{"start":{"line":19,"column":32},"end":{"line":24,"column":null}},"11":{"start":{"line":21,"column":20},"end":{"line":21,"column":49}},"12":{"start":{"line":22,"column":6},"end":{"line":22,"column":null}},"13":{"start":{"line":35,"column":6},"end":{"line":42,"column":4}},"14":{"start":{"line":39,"column":6},"end":{"line":39,"column":null}},"15":{"start":{"line":40,"column":6},"end":{"line":40,"column":null}},"16":{"start":{"line":45,"column":22},"end":{"line":48,"column":13}},"17":{"start":{"line":46,"column":4},"end":{"line":46,"column":null}},"18":{"start":{"line":47,"column":4},"end":{"line":47,"column":null}},"19":{"start":{"line":50,"column":22},"end":{"line":54,"column":25}},"20":{"start":{"line":51,"column":4},"end":{"line":51,"column":null}},"21":{"start":{"line":52,"column":4},"end":{"line":52,"column":null}},"22":{"start":{"line":53,"column":4},"end":{"line":53,"column":null}},"23":{"start":{"line":56,"column":25},"end":{"line":60,"column":null}},"24":{"start":{"line":58,"column":6},"end":{"line":58,"column":null}},"25":{"start":{"line":63,"column":2},"end":{"line":77,"column":null}}},"fnMap":{"0":{"name":"LivenessCheckContainer","decl":{"start":{"line":8,"column":16},"end":{"line":8,"column":38}},"loc":{"start":{"line":8,"column":38},"end":{"line":78,"column":1}}},"1":{"name":"(anonymous_1)","decl":{"start":{"line":14,"column":13},"end":{"line":14,"column":16}},"loc":{"start":{"line":14,"column":19},"end":{"line":14,"column":36}}},"2":{"name":"(anonymous_2)","decl":{"start":{"line":20,"column":4},"end":{"line":20,"column":9}},"loc":{"start":{"line":20,"column":25},"end":{"line":23,"column":5}}},"3":{"name":"(anonymous_3)","decl":{"start":{"line":38,"column":16},"end":{"line":38,"column":19}},"loc":{"start":{"line":38,"column":21},"end":{"line":41,"column":5}}},"4":{"name":"(anonymous_4)","decl":{"start":{"line":45,"column":34},"end":{"line":45,"column":37}},"loc":{"start":{"line":45,"column":39},"end":{"line":48,"column":3}}},"5":{"name":"(anonymous_5)","decl":{"start":{"line":50,"column":34},"end":{"line":50,"column":37}},"loc":{"start":{"line":50,"column":39},"end":{"line":54,"column":3}}},"6":{"name":"(anonymous_6)","decl":{"start":{"line":57,"column":4},"end":{"line":57,"column":5}},"loc":{"start":{"line":57,"column":35},"end":{"line":59,"column":5}}}},"branchMap":{},"s":{"0":0,"1":0,"2":0,"3":0,"4":0,"5":0,"6":0,"7":0,"8":0,"9":0,"10":0,"11":0,"12":0,"13":0,"14":0,"15":0,"16":0,"17":0,"18":0,"19":0,"20":0,"21":0,"22":0,"23":0,"24":0,"25":0},"f":{"0":0,"1":0,"2":0,"3":0,"4":0,"5":0,"6":0},"b":{}}
,"D:\\projets\\face-liveness-check\\src\\components\\liveness-check\\LivenessCheckPresenter.tsx": {"path":"D:\\projets\\face-liveness-check\\src\\components\\liveness-check\\LivenessCheckPresenter.tsx","statementMap":{"0":{"start":{"line":28,"column":0},"end":{"line":28,"column":16}},"1":{"start":{"line":1,"column":0},"end":{"line":1,"column":69}},"2":{"start":{"line":2,"column":0},"end":{"line":2,"column":47}},"3":{"start":{"line":3,"column":0},"end":{"line":3,"column":53}},"4":{"start":{"line":4,"column":0},"end":{"line":4,"column":76}},"5":{"start":{"line":5,"column":0},"end":{"line":5,"column":55}},"6":{"start":{"line":6,"column":0},"end":{"line":6,"column":55}},"7":{"start":{"line":7,"column":0},"end":{"line":7,"column":65}},"8":{"start":{"line":41,"column":2},"end":{"line":253,"column":null}},"9":{"start":{"line":74,"column":18},"end":{"line":78,"column":null}},"10":{"start":{"line":82,"column":18},"end":{"line":83,"column":null}},"11":{"start":{"line":87,"column":18},"end":{"line":132,"column":null}},"12":{"start":{"line":136,"column":18},"end":{"line":141,"column":null}},"13":{"start":{"line":177,"column":44},"end":{"line":177,"column":67}},"14":{"start":{"line":182,"column":50},"end":{"line":182,"column":73}},"15":{"start":{"line":200,"column":16},"end":{"line":216,"column":null}},"16":{"start":{"line":227,"column":16},"end":{"line":245,"column":null}},"17":{"start":{"line":240,"column":37},"end":{"line":240,"column":65}}},"fnMap":{"0":{"name":"LivenessCheckPresenter","decl":{"start":{"line":28,"column":16},"end":{"line":28,"column":38}},"loc":{"start":{"line":40,"column":30},"end":{"line":254,"column":1}}},"1":{"name":"(anonymous_1)","decl":{"start":{"line":73,"column":28},"end":{"line":73,"column":31}},"loc":{"start":{"line":74,"column":18},"end":{"line":78,"column":null}}},"2":{"name":"(anonymous_2)","decl":{"start":{"line":81,"column":30},"end":{"line":81,"column":33}},"loc":{"start":{"line":82,"column":18},"end":{"line":83,"column":null}}},"3":{"name":"(anonymous_3)","decl":{"start":{"line":86,"column":31},"end":{"line":86,"column":32}},"loc":{"start":{"line":87,"column":18},"end":{"line":132,"column":null}}},"4":{"name":"(anonymous_4)","decl":{"start":{"line":135,"column":34},"end":{"line":135,"column":37}},"loc":{"start":{"line":136,"column":18},"end":{"line":141,"column":null}}},"5":{"name":"(anonymous_5)","decl":{"start":{"line":177,"column":39},"end":{"line":177,"column":40}},"loc":{"start":{"line":177,"column":44},"end":{"line":177,"column":67}}},"6":{"name":"(anonymous_6)","decl":{"start":{"line":182,"column":45},"end":{"line":182,"column":46}},"loc":{"start":{"line":182,"column":50},"end":{"line":182,"column":73}}},"7":{"name":"(anonymous_7)","decl":{"start":{"line":199,"column":26},"end":{"line":199,"column":27}},"loc":{"start":{"line":200,"column":16},"end":{"line":216,"column":null}}},"8":{"name":"(anonymous_8)","decl":{"start":{"line":226,"column":29},"end":{"line":226,"column":30}},"loc":{"start":{"line":227,"column":16},"end":{"line":245,"column":null}}},"9":{"name":"(anonymous_9)","decl":{"start":{"line":240,"column":31},"end":{"line":240,"column":34}},"loc":{"start":{"line":240,"column":37},"end":{"line":240,"column":65}}}},"branchMap":{"0":{"loc":{"start":{"line":89,"column":21},"end":{"line":97,"column":null}},"type":"binary-expr","locations":[{"start":{"line":89,"column":21},"end":{"line":89,"column":44}},{"start":{"line":90,"column":22},"end":{"line":96,"column":null}}]},"1":{"loc":{"start":{"line":94,"column":29},"end":{"line":94,"column":83}},"type":"cond-expr","locations":[{"start":{"line":94,"column":60},"end":{"line":94,"column":72}},{"start":{"line":94,"column":75},"end":{"line":94,"column":83}}]},"2":{"loc":{"start":{"line":101,"column":21},"end":{"line":131,"column":null}},"type":"binary-expr","locations":[{"start":{"line":101,"column":21},"end":{"line":101,"column":44}},{"start":{"line":102,"column":22},"end":{"line":130,"column":null}}]},"3":{"loc":{"start":{"line":148,"column":17},"end":{"line":156,"column":null}},"type":"binary-expr","locations":[{"start":{"line":148,"column":17},"end":{"line":148,"column":34}},{"start":{"line":149,"column":18},"end":{"line":154,"column":null}}]},"4":{"loc":{"start":{"line":158,"column":17},"end":{"line":165,"column":null}},"type":"binary-expr","locations":[{"start":{"line":158,"column":17},"end":{"line":158,"column":28}},{"start":{"line":159,"column":18},"end":{"line":162,"column":null}}]},"5":{"loc":{"start":{"line":171,"column":13},"end":{"line":187,"column":null}},"type":"binary-expr","locations":[{"start":{"line":171,"column":13},"end":{"line":171,"column":32}},{"start":{"line":172,"column":14},"end":{"line":186,"column":null}}]},"6":{"loc":{"start":{"line":202,"column":20},"end":{"line":202,"column":null}},"type":"cond-expr","locations":[{"start":{"line":202,"column":41},"end":{"line":202,"column":79}},{"start":{"line":202,"column":82},"end":{"line":202,"column":null}}]},"7":{"loc":{"start":{"line":206,"column":19},"end":{"line":209,"column":null}},"type":"cond-expr","locations":[{"start":{"line":207,"column":20},"end":{"line":207,"column":94}},{"start":{"line":209,"column":20},"end":{"line":209,"column":98}}]},"8":{"loc":{"start":{"line":212,"column":68},"end":{"line":212,"column":146}},"type":"cond-expr","locations":[{"start":{"line":212,"column":90},"end":{"line":212,"column":126}},{"start":{"line":212,"column":129},"end":{"line":212,"column":146}}]},"9":{"loc":{"start":{"line":230,"column":27},"end":{"line":230,"column":73}},"type":"binary-expr","locations":[{"start":{"line":230,"column":27},"end":{"line":230,"column":51}},{"start":{"line":230,"column":55},"end":{"line":230,"column":73}}]}},"s":{"0":0,"1":0,"2":0,"3":0,"4":0,"5":0,"6":0,"7":0,"8":0,"9":0,"10":0,"11":0,"12":0,"13":0,"14":0,"15":0,"16":0,"17":0},"f":{"0":0,"1":0,"2":0,"3":0,"4":0,"5":0,"6":0,"7":0,"8":0,"9":0},"b":{"0":[0,0],"1":[0,0],"2":[0,0],"3":[0,0],"4":[0,0],"5":[0,0],"6":[0,0],"7":[0,0],"8":[0,0],"9":[0,0]}}
,"D:\\projets\\face-liveness-check\\src\\components\\liveness-check\\LivenessStepsList.tsx": {"path":"D:\\projets\\face-liveness-check\\src\\components\\liveness-check\\LivenessStepsList.tsx","statementMap":{"0":{"start":{"line":21,"column":0},"end":{"line":21,"column":16}},"1":{"start":{"line":30,"column":32},"end":{"line":35,"column":5}},"2":{"start":{"line":30,"column":60},"end":{"line":35,"column":4}},"3":{"start":{"line":33,"column":37},"end":{"line":33,"column":55}},"4":{"start":{"line":37,"column":2},"end":{"line":66,"column":null}},"5":{"start":{"line":55,"column":12},"end":{"line":60,"column":null}}},"fnMap":{"0":{"name":"LivenessStepsList","decl":{"start":{"line":21,"column":16},"end":{"line":21,"column":33}},"loc":{"start":{"line":29,"column":25},"end":{"line":67,"column":1}}},"1":{"name":"(anonymous_1)","decl":{"start":{"line":30,"column":42},"end":{"line":30,"column":43}},"loc":{"start":{"line":30,"column":60},"end":{"line":35,"column":4}}},"2":{"name":"(anonymous_2)","decl":{"start":{"line":33,"column":30},"end":{"line":33,"column":31}},"loc":{"start":{"line":33,"column":37},"end":{"line":33,"column":55}}},"3":{"name":"(anonymous_3)","decl":{"start":{"line":54,"column":20},"end":{"line":54,"column":21}},"loc":{"start":{"line":55,"column":12},"end":{"line":60,"column":null}}}},"branchMap":{"0":{"loc":{"start":{"line":34,"column":15},"end":{"line":34,"column":64}},"type":"binary-expr","locations":[{"start":{"line":34,"column":15},"end":{"line":34,"column":41}},{"start":{"line":34,"column":45},"end":{"line":34,"column":64}}]},"1":{"loc":{"start":{"line":40,"column":7},"end":{"line":45,"column":null}},"type":"cond-expr","locations":[{"start":{"line":41,"column":8},"end":{"line":41,"column":22}},{"start":{"line":43,"column":8},"end":{"line":43,"column":null}}]},"2":{"loc":{"start":{"line":50,"column":9},"end":{"line":62,"column":null}},"type":"cond-expr","locations":[{"start":{"line":51,"column":10},"end":{"line":51,"column":25}},{"start":{"line":54,"column":10},"end":{"line":61,"column":null}}]},"3":{"loc":{"start":{"line":55,"column":12},"end":{"line":60,"column":null}},"type":"cond-expr","locations":[{"start":{"line":56,"column":14},"end":{"line":56,"column":43}},{"start":{"line":58,"column":14},"end":{"line":58,"column":42}}]}},"s":{"0":1,"1":10,"2":30,"3":9,"4":10,"5":24},"f":{"0":10,"1":30,"2":9,"3":24},"b":{"0":[30,10],"1":[1,9],"2":[2,8],"3":[15,9]}}
,"D:\\projets\\face-liveness-check\\src\\components\\liveness-check\\LivenessVideoArea.tsx": {"path":"D:\\projets\\face-liveness-check\\src\\components\\liveness-check\\LivenessVideoArea.tsx","statementMap":{"0":{"start":{"line":22,"column":0},"end":{"line":22,"column":16}},"1":{"start":{"line":32,"column":2},"end":{"line":68,"column":null}}},"fnMap":{"0":{"name":"LivenessVideoArea","decl":{"start":{"line":22,"column":16},"end":{"line":22,"column":33}},"loc":{"start":{"line":31,"column":25},"end":{"line":69,"column":1}}}},"branchMap":{"0":{"loc":{"start":{"line":44,"column":10},"end":{"line":44,"column":null}},"type":"cond-expr","locations":[{"start":{"line":44,"column":36},"end":{"line":44,"column":44}},{"start":{"line":44,"column":47},"end":{"line":44,"column":null}}]},"1":{"loc":{"start":{"line":49,"column":7},"end":{"line":49,"column":60}},"type":"binary-expr","locations":[{"start":{"line":49,"column":7},"end":{"line":49,"column":30}},{"start":{"line":49,"column":34},"end":{"line":49,"column":44}},{"start":{"line":49,"column":48},"end":{"line":49,"column":60}}]},"2":{"loc":{"start":{"line":52,"column":7},"end":{"line":52,"column":66}},"type":"binary-expr","locations":[{"start":{"line":52,"column":7},"end":{"line":52,"column":32}},{"start":{"line":52,"column":36},"end":{"line":52,"column":48}},{"start":{"line":52,"column":52},"end":{"line":52,"column":66}}]},"3":{"loc":{"start":{"line":55,"column":7},"end":{"line":56,"column":null}},"type":"binary-expr","locations":[{"start":{"line":55,"column":7},"end":{"line":55,"column":22}},{"start":{"line":56,"column":8},"end":{"line":56,"column":78}}]},"4":{"loc":{"start":{"line":60,"column":7},"end":{"line":60,"column":44}},"type":"binary-expr","locations":[{"start":{"line":60,"column":7},"end":{"line":60,"column":20}},{"start":{"line":60,"column":24},"end":{"line":60,"column":44}}]},"5":{"loc":{"start":{"line":63,"column":7},"end":{"line":63,"column":66}},"type":"binary-expr","locations":[{"start":{"line":63,"column":7},"end":{"line":63,"column":24}},{"start":{"line":63,"column":28},"end":{"line":63,"column":44}},{"start":{"line":63,"column":48},"end":{"line":63,"column":66}}]},"6":{"loc":{"start":{"line":66,"column":7},"end":{"line":66,"column":34}},"type":"binary-expr","locations":[{"start":{"line":66,"column":7},"end":{"line":66,"column":15}},{"start":{"line":66,"column":19},"end":{"line":66,"column":34}}]}},"s":{"0":1,"1":17},"f":{"0":17},"b":{"0":[11,6],"1":[17,11,1],"2":[17,6,2],"3":[17,2],"4":[17,3],"5":[17,1,1],"6":[17,3]}}
,"D:\\projets\\face-liveness-check\\src\\components\\liveness-check\\index.ts": {"path":"D:\\projets\\face-liveness-check\\src\\components\\liveness-check\\index.ts","statementMap":{"0":{"start":{"line":1,"column":0},"end":{"line":1,"column":9}},"1":{"start":{"line":1,"column":9},"end":{"line":1,"column":42}},"2":{"start":{"line":2,"column":0},"end":{"line":2,"column":9}},"3":{"start":{"line":2,"column":9},"end":{"line":2,"column":65}},"4":{"start":{"line":3,"column":0},"end":{"line":3,"column":9}},"5":{"start":{"line":3,"column":9},"end":{"line":3,"column":65}},"6":{"start":{"line":4,"column":0},"end":{"line":4,"column":9}},"7":{"start":{"line":4,"column":9},"end":{"line":4,"column":55}},"8":{"start":{"line":5,"column":0},"end":{"line":5,"column":9}},"9":{"start":{"line":5,"column":9},"end":{"line":5,"column":55}},"10":{"start":{"line":6,"column":0},"end":{"line":6,"column":9}},"11":{"start":{"line":6,"column":9},"end":{"line":6,"column":65}}},"fnMap":{"0":{"name":"(anonymous_0)","decl":{"start":{"line":1,"column":9},"end":{"line":1,"column":31}},"loc":{"start":{"line":1,"column":9},"end":{"line":1,"column":42}}},"1":{"name":"(anonymous_1)","decl":{"start":{"line":2,"column":9},"end":{"line":2,"column":31}},"loc":{"start":{"line":2,"column":9},"end":{"line":2,"column":65}}},"2":{"name":"(anonymous_2)","decl":{"start":{"line":3,"column":9},"end":{"line":3,"column":31}},"loc":{"start":{"line":3,"column":9},"end":{"line":3,"column":65}}},"3":{"name":"(anonymous_3)","decl":{"start":{"line":4,"column":9},"end":{"line":4,"column":26}},"loc":{"start":{"line":4,"column":9},"end":{"line":4,"column":55}}},"4":{"name":"(anonymous_4)","decl":{"start":{"line":5,"column":9},"end":{"line":5,"column":26}},"loc":{"start":{"line":5,"column":9},"end":{"line":5,"column":55}}},"5":{"name":"(anonymous_5)","decl":{"start":{"line":6,"column":9},"end":{"line":6,"column":31}},"loc":{"start":{"line":6,"column":9},"end":{"line":6,"column":65}}}},"branchMap":{},"s":{"0":0,"1":0,"2":0,"3":0,"4":0,"5":0,"6":0,"7":0,"8":0,"9":0,"10":0,"11":0},"f":{"0":0,"1":0,"2":0,"3":0,"4":0,"5":0},"b":{}}
,"D:\\projets\\face-liveness-check\\src\\hooks\\use-camera.ts": {"path":"D:\\projets\\face-liveness-check\\src\\hooks\\use-camera.ts","statementMap":{"0":{"start":{"line":9,"column":0},"end":{"line":9,"column":16}},"1":{"start":{"line":1,"column":0},"end":{"line":1,"column":54}},"2":{"start":{"line":2,"column":0},"end":{"line":2,"column":55}},"3":{"start":{"line":10,"column":19},"end":{"line":10,"column":49}},"4":{"start":{"line":11,"column":64},"end":{"line":11,"column":82}},"5":{"start":{"line":14,"column":2},"end":{"line":27,"column":null}},"6":{"start":{"line":15,"column":4},"end":{"line":20,"column":5}},"7":{"start":{"line":16,"column":6},"end":{"line":19,"column":null}},"8":{"start":{"line":17,"column":8},"end":{"line":17,"column":null}},"9":{"start":{"line":18,"column":8},"end":{"line":18,"column":null}},"10":{"start":{"line":22,"column":4},"end":{"line":26,"column":null}},"11":{"start":{"line":23,"column":6},"end":{"line":25,"column":7}},"12":{"start":{"line":24,"column":8},"end":{"line":24,"column":null}},"13":{"start":{"line":29,"column":15},"end":{"line":31,"column":18}},"14":{"start":{"line":30,"column":4},"end":{"line":30,"column":null}},"15":{"start":{"line":33,"column":2},"end":{"line":38,"column":null}}},"fnMap":{"0":{"name":"useCamera","decl":{"start":{"line":9,"column":16},"end":{"line":9,"column":25}},"loc":{"start":{"line":9,"column":65},"end":{"line":39,"column":1}}},"1":{"name":"(anonymous_1)","decl":{"start":{"line":14,"column":12},"end":{"line":14,"column":15}},"loc":{"start":{"line":14,"column":17},"end":{"line":27,"column":3}}},"2":{"name":"(anonymous_2)","decl":{"start":{"line":16,"column":42},"end":{"line":16,"column":43}},"loc":{"start":{"line":16,"column":52},"end":{"line":19,"column":7}}},"3":{"name":"(anonymous_3)","decl":{"start":{"line":22,"column":11},"end":{"line":22,"column":14}},"loc":{"start":{"line":22,"column":16},"end":{"line":26,"column":5}}},"4":{"name":"(anonymous_4)","decl":{"start":{"line":29,"column":27},"end":{"line":29,"column":30}},"loc":{"start":{"line":29,"column":32},"end":{"line":31,"column":3}}}},"branchMap":{"0":{"loc":{"start":{"line":15,"column":4},"end":{"line":20,"column":5}},"type":"if","locations":[{"start":{"line":15,"column":4},"end":{"line":20,"column":5}},{"start":{},"end":{}}]},"1":{"loc":{"start":{"line":15,"column":8},"end":{"line":15,"column":47}},"type":"binary-expr","locations":[{"start":{"line":15,"column":8},"end":{"line":15,"column":16}},{"start":{"line":15,"column":20},"end":{"line":15,"column":36}},{"start":{"line":15,"column":40},"end":{"line":15,"column":47}}]},"2":{"loc":{"start":{"line":23,"column":6},"end":{"line":25,"column":7}},"type":"if","locations":[{"start":{"line":23,"column":6},"end":{"line":25,"column":7}},{"start":{},"end":{}}]}},"s":{"0":0,"1":0,"2":0,"3":0,"4":0,"5":0,"6":0,"7":0,"8":0,"9":0,"10":0,"11":0,"12":0,"13":0,"14":0,"15":0},"f":{"0":0,"1":0,"2":0,"3":0,"4":0},"b":{"0":[0,0],"1":[0,0,0],"2":[0,0]}}
,"D:\\projets\\face-liveness-check\\src\\hooks\\use-face-detection.ts": {"path":"D:\\projets\\face-liveness-check\\src\\hooks\\use-face-detection.ts","statementMap":{"0":{"start":{"line":6,"column":0},"end":{"line":6,"column":16}},"1":{"start":{"line":1,"column":0},"end":{"line":1,"column":64}},"2":{"start":{"line":2,"column":0},"end":{"line":2,"column":95}},"3":{"start":{"line":7,"column":32},"end":{"line":7,"column":47}},"4":{"start":{"line":8,"column":48},"end":{"line":8,"column":81}},"5":{"start":{"line":9,"column":28},"end":{"line":9,"column":63}},"6":{"start":{"line":10,"column":19},"end":{"line":10,"column":56}},"7":{"start":{"line":11,"column":28},"end":{"line":11,"column":44}},"8":{"start":{"line":14,"column":2},"end":{"line":52,"column":null}},"9":{"start":{"line":15,"column":20},"end":{"line":15,"column":24}},"10":{"start":{"line":18,"column":6},"end":{"line":40,"column":7}},"11":{"start":{"line":19,"column":23},"end":{"line":20,"column":null}},"12":{"start":{"line":23,"column":31},"end":{"line":32,"column":10}},"13":{"start":{"line":34,"column":8},"end":{"line":37,"column":9}},"14":{"start":{"line":35,"column":10},"end":{"line":35,"column":null}},"15":{"start":{"line":36,"column":10},"end":{"line":36,"column":null}},"16":{"start":{"line":39,"column":8},"end":{"line":39,"column":null}},"17":{"start":{"line":43,"column":4},"end":{"line":43,"column":null}},"18":{"start":{"line":45,"column":4},"end":{"line":51,"column":null}},"19":{"start":{"line":46,"column":6},"end":{"line":46,"column":null}},"20":{"start":{"line":47,"column":6},"end":{"line":49,"column":7}},"21":{"start":{"line":48,"column":8},"end":{"line":48,"column":null}},"22":{"start":{"line":50,"column":6},"end":{"line":50,"column":null}},"23":{"start":{"line":55,"column":35},"end":{"line":97,"column":8}},"24":{"start":{"line":56,"column":4},"end":{"line":58,"column":5}},"25":{"start":{"line":57,"column":6},"end":{"line":57,"column":null}},"26":{"start":{"line":60,"column":22},"end":{"line":60,"column":45}},"27":{"start":{"line":70,"column":25},"end":{"line":70,"column":38}},"28":{"start":{"line":71,"column":26},"end":{"line":71,"column":40}},"29":{"start":{"line":72,"column":20},"end":{"line":72,"column":32}},"30":{"start":{"line":73,"column":22},"end":{"line":73,"column":36}},"31":{"start":{"line":74,"column":23},"end":{"line":74,"column":37}},"32":{"start":{"line":77,"column":22},"end":{"line":77,"column":60}},"33":{"start":{"line":78,"column":23},"end":{"line":78,"column":44}},"34":{"start":{"line":81,"column":22},"end":{"line":81,"column":58}},"35":{"start":{"line":84,"column":29},"end":{"line":84,"column":51}},"36":{"start":{"line":87,"column":27},"end":{"line":87,"column":32}},"37":{"start":{"line":88,"column":28},"end":{"line":88,"column":32}},"38":{"start":{"line":90,"column":4},"end":{"line":96,"column":5}},"39":{"start":{"line":91,"column":6},"end":{"line":91,"column":null}},"40":{"start":{"line":92,"column":11},"end":{"line":96,"column":5}},"41":{"start":{"line":93,"column":6},"end":{"line":93,"column":null}},"42":{"start":{"line":95,"column":6},"end":{"line":95,"column":null}},"43":{"start":{"line":100,"column":22},"end":{"line":141,"column":32}},"44":{"start":{"line":101,"column":4},"end":{"line":140,"column":5}},"45":{"start":{"line":102,"column":21},"end":{"line":108,"column":8}},"46":{"start":{"line":110,"column":6},"end":{"line":110,"column":null}},"47":{"start":{"line":111,"column":6},"end":{"line":111,"column":null}},"48":{"start":{"line":113,"column":6},"end":{"line":113,"column":null}},"49":{"start":{"line":116,"column":25},"end":{"line":134,"column":7}},"50":{"start":{"line":117,"column":8},"end":{"line":119,"column":9}},"51":{"start":{"line":118,"column":10},"end":{"line":118,"column":16}},"52":{"start":{"line":121,"column":8},"end":{"line":131,"column":9}},"53":{"start":{"line":122,"column":25},"end":{"line":124,"column":null}},"54":{"start":{"line":127,"column":30},"end":{"line":127,"column":62}},"55":{"start":{"line":128,"column":10},"end":{"line":128,"column":null}},"56":{"start":{"line":130,"column":10},"end":{"line":130,"column":null}},"57":{"start":{"line":133,"column":8},"end":{"line":133,"column":null}},"58":{"start":{"line":136,"column":6},"end":{"line":136,"column":null}},"59":{"start":{"line":138,"column":6},"end":{"line":138,"column":null}},"60":{"start":{"line":139,"column":6},"end":{"line":139,"column":null}},"61":{"start":{"line":144,"column":21},"end":{"line":156,"column":8}},"62":{"start":{"line":145,"column":4},"end":{"line":147,"column":5}},"63":{"start":{"line":146,"column":6},"end":{"line":146,"column":null}},"64":{"start":{"line":149,"column":4},"end":{"line":153,"column":5}},"65":{"start":{"line":150,"column":21},"end":{"line":150,"column":62}},"66":{"start":{"line":151,"column":6},"end":{"line":151,"column":null}},"67":{"start":{"line":151,"column":42},"end":{"line":151,"column":54}},"68":{"start":{"line":152,"column":6},"end":{"line":152,"column":null}},"69":{"start":{"line":155,"column":4},"end":{"line":155,"column":null}},"70":{"start":{"line":158,"column":2},"end":{"line":163,"column":null}}},"fnMap":{"0":{"name":"useFaceDetection","decl":{"start":{"line":6,"column":16},"end":{"line":6,"column":32}},"loc":{"start":{"line":6,"column":32},"end":{"line":164,"column":1}}},"1":{"name":"(anonymous_1)","decl":{"start":{"line":14,"column":12},"end":{"line":14,"column":15}},"loc":{"start":{"line":14,"column":17},"end":{"line":52,"column":3}}},"2":{"name":"initializeFaceLandmarker","decl":{"start":{"line":17,"column":19},"end":{"line":17,"column":43}},"loc":{"start":{"line":17,"column":43},"end":{"line":41,"column":5}}},"3":{"name":"(anonymous_3)","decl":{"start":{"line":45,"column":11},"end":{"line":45,"column":14}},"loc":{"start":{"line":45,"column":16},"end":{"line":51,"column":5}}},"4":{"name":"(anonymous_4)","decl":{"start":{"line":55,"column":47},"end":{"line":55,"column":48}},"loc":{"start":{"line":55,"column":97},"end":{"line":97,"column":3}}},"5":{"name":"(anonymous_5)","decl":{"start":{"line":100,"column":34},"end":{"line":100,"column":39}},"loc":{"start":{"line":100,"column":68},"end":{"line":141,"column":3}}},"6":{"name":"(anonymous_6)","decl":{"start":{"line":116,"column":25},"end":{"line":116,"column":30}},"loc":{"start":{"line":116,"column":36},"end":{"line":134,"column":7}}},"7":{"name":"(anonymous_7)","decl":{"start":{"line":144,"column":33},"end":{"line":144,"column":36}},"loc":{"start":{"line":144,"column":38},"end":{"line":156,"column":3}}},"8":{"name":"(anonymous_8)","decl":{"start":{"line":151,"column":33},"end":{"line":151,"column":38}},"loc":{"start":{"line":151,"column":42},"end":{"line":151,"column":54}}}},"branchMap":{"0":{"loc":{"start":{"line":34,"column":8},"end":{"line":37,"column":9}},"type":"if","locations":[{"start":{"line":34,"column":8},"end":{"line":37,"column":9}},{"start":{},"end":{}}]},"1":{"loc":{"start":{"line":47,"column":6},"end":{"line":49,"column":7}},"type":"if","locations":[{"start":{"line":47,"column":6},"end":{"line":49,"column":7}},{"start":{},"end":{}}]},"2":{"loc":{"start":{"line":56,"column":4},"end":{"line":58,"column":5}},"type":"if","locations":[{"start":{"line":56,"column":4},"end":{"line":58,"column":5}},{"start":{},"end":{}}]},"3":{"loc":{"start":{"line":56,"column":8},"end":{"line":56,"column":66}},"type":"binary-expr","locations":[{"start":{"line":56,"column":8},"end":{"line":56,"column":29}},{"start":{"line":56,"column":33},"end":{"line":56,"column":66}}]},"4":{"loc":{"start":{"line":90,"column":4},"end":{"line":96,"column":5}},"type":"if","locations":[{"start":{"line":90,"column":4},"end":{"line":96,"column":5}},{"start":{"line":92,"column":11},"end":{"line":96,"column":5}}]},"5":{"loc":{"start":{"line":92,"column":11},"end":{"line":96,"column":5}},"type":"if","locations":[{"start":{"line":92,"column":11},"end":{"line":96,"column":5}},{"start":{"line":94,"column":11},"end":{"line":96,"column":5}}]},"6":{"loc":{"start":{"line":117,"column":8},"end":{"line":119,"column":9}},"type":"if","locations":[{"start":{"line":117,"column":8},"end":{"line":119,"column":9}},{"start":{},"end":{}}]},"7":{"loc":{"start":{"line":117,"column":12},"end":{"line":117,"column":59}},"type":"binary-expr","locations":[{"start":{"line":117,"column":12},"end":{"line":117,"column":38}},{"start":{"line":117,"column":42},"end":{"line":117,"column":59}}]},"8":{"loc":{"start":{"line":145,"column":4},"end":{"line":147,"column":5}},"type":"if","locations":[{"start":{"line":145,"column":4},"end":{"line":147,"column":5}},{"start":{},"end":{}}]},"9":{"loc":{"start":{"line":149,"column":4},"end":{"line":153,"column":5}},"type":"if","locations":[{"start":{"line":149,"column":4},"end":{"line":153,"column":5}},{"start":{},"end":{}}]}},"s":{"0":0,"1":0,"2":0,"3":0,"4":0,"5":0,"6":0,"7":0,"8":0,"9":0,"10":0,"11":0,"12":0,"13":0,"14":0,"15":0,"16":0,"17":0,"18":0,"19":0,"20":0,"21":0,"22":0,"23":0,"24":0,"25":0,"26":0,"27":0,"28":0,"29":0,"30":0,"31":0,"32":0,"33":0,"34":0,"35":0,"36":0,"37":0,"38":0,"39":0,"40":0,"41":0,"42":0,"43":0,"44":0,"45":0,"46":0,"47":0,"48":0,"49":0,"50":0,"51":0,"52":0,"53":0,"54":0,"55":0,"56":0,"57":0,"58":0,"59":0,"60":0,"61":0,"62":0,"63":0,"64":0,"65":0,"66":0,"67":0,"68":0,"69":0,"70":0},"f":{"0":0,"1":0,"2":0,"3":0,"4":0,"5":0,"6":0,"7":0,"8":0},"b":{"0":[0,0],"1":[0,0],"2":[0,0],"3":[0,0],"4":[0,0],"5":[0,0],"6":[0,0],"7":[0,0],"8":[0,0],"9":[0,0]}}
,"D:\\projets\\face-liveness-check\\src\\hooks\\use-liveness-detection.ts": {"path":"D:\\projets\\face-liveness-check\\src\\hooks\\use-liveness-detection.ts","statementMap":{"0":{"start":{"line":13,"column":0},"end":{"line":13,"column":16}},"1":{"start":{"line":1,"column":0},"end":{"line":1,"column":56}},"2":{"start":{"line":2,"column":0},"end":{"line":2,"column":70}},"3":{"start":{"line":11,"column":31},"end":{"line":11,"column":33}},"4":{"start":{"line":18,"column":30},"end":{"line":18,"column":61}},"5":{"start":{"line":19,"column":50},"end":{"line":19,"column":61}},"6":{"start":{"line":20,"column":34},"end":{"line":20,"column":57}},"7":{"start":{"line":21,"column":34},"end":{"line":21,"column":45}},"8":{"start":{"line":22,"column":58},"end":{"line":22,"column":69}},"9":{"start":{"line":24,"column":22},"end":{"line":24,"column":45}},"10":{"start":{"line":25,"column":22},"end":{"line":25,"column":54}},"11":{"start":{"line":28,"column":2},"end":{"line":44,"column":null}},"12":{"start":{"line":29,"column":4},"end":{"line":43,"column":5}},"13":{"start":{"line":30,"column":25},"end":{"line":30,"column":39}},"14":{"start":{"line":32,"column":6},"end":{"line":42,"column":7}},"15":{"start":{"line":33,"column":8},"end":{"line":33,"column":null}},"16":{"start":{"line":33,"column":42},"end":{"line":33,"column":50}},"17":{"start":{"line":36,"column":8},"end":{"line":39,"column":9}},"18":{"start":{"line":37,"column":10},"end":{"line":37,"column":null}},"19":{"start":{"line":38,"column":10},"end":{"line":38,"column":null}},"20":{"start":{"line":41,"column":8},"end":{"line":41,"column":null}},"21":{"start":{"line":47,"column":2},"end":{"line":49,"column":null}},"22":{"start":{"line":48,"column":4},"end":{"line":48,"column":null}},"23":{"start":{"line":52,"column":2},"end":{"line":57,"column":null}},"24":{"start":{"line":53,"column":4},"end":{"line":56,"column":5}},"25":{"start":{"line":54,"column":6},"end":{"line":54,"column":null}},"26":{"start":{"line":55,"column":6},"end":{"line":55,"column":null}},"27":{"start":{"line":59,"column":24},"end":{"line":74,"column":59}},"28":{"start":{"line":60,"column":4},"end":{"line":60,"column":null}},"29":{"start":{"line":62,"column":4},"end":{"line":73,"column":5}},"30":{"start":{"line":63,"column":6},"end":{"line":63,"column":null}},"31":{"start":{"line":66,"column":6},"end":{"line":69,"column":7}},"32":{"start":{"line":67,"column":8},"end":{"line":67,"column":null}},"33":{"start":{"line":67,"column":38},"end":{"line":67,"column":46}},"34":{"start":{"line":68,"column":8},"end":{"line":68,"column":null}},"35":{"start":{"line":71,"column":6},"end":{"line":71,"column":null}},"36":{"start":{"line":72,"column":6},"end":{"line":72,"column":null}},"37":{"start":{"line":76,"column":16},"end":{"line":82,"column":8}},"38":{"start":{"line":77,"column":4},"end":{"line":77,"column":null}},"39":{"start":{"line":78,"column":4},"end":{"line":78,"column":null}},"40":{"start":{"line":79,"column":4},"end":{"line":79,"column":null}},"41":{"start":{"line":80,"column":4},"end":{"line":80,"column":null}},"42":{"start":{"line":81,"column":4},"end":{"line":81,"column":null}},"43":{"start":{"line":84,"column":16},"end":{"line":90,"column":8}},"44":{"start":{"line":85,"column":4},"end":{"line":85,"column":null}},"45":{"start":{"line":86,"column":4},"end":{"line":86,"column":null}},"46":{"start":{"line":87,"column":4},"end":{"line":87,"column":null}},"47":{"start":{"line":88,"column":4},"end":{"line":88,"column":null}},"48":{"start":{"line":89,"column":4},"end":{"line":89,"column":null}},"49":{"start":{"line":92,"column":21},"end":{"line":94,"column":8}},"50":{"start":{"line":93,"column":4},"end":{"line":93,"column":null}},"51":{"start":{"line":93,"column":26},"end":{"line":93,"column":44}},"52":{"start":{"line":96,"column":2},"end":{"line":107,"column":null}}},"fnMap":{"0":{"name":"useLivenessDetection","decl":{"start":{"line":13,"column":16},"end":{"line":13,"column":36}},"loc":{"start":{"line":17,"column":30},"end":{"line":108,"column":1}}},"1":{"name":"(anonymous_1)","decl":{"start":{"line":28,"column":12},"end":{"line":28,"column":15}},"loc":{"start":{"line":28,"column":17},"end":{"line":44,"column":3}}},"2":{"name":"(anonymous_2)","decl":{"start":{"line":33,"column":32},"end":{"line":33,"column":33}},"loc":{"start":{"line":33,"column":42},"end":{"line":33,"column":50}}},"3":{"name":"(anonymous_3)","decl":{"start":{"line":47,"column":12},"end":{"line":47,"column":15}},"loc":{"start":{"line":47,"column":17},"end":{"line":49,"column":3}}},"4":{"name":"(anonymous_4)","decl":{"start":{"line":52,"column":12},"end":{"line":52,"column":15}},"loc":{"start":{"line":52,"column":17},"end":{"line":57,"column":3}}},"5":{"name":"(anonymous_5)","decl":{"start":{"line":59,"column":36},"end":{"line":59,"column":41}},"loc":{"start":{"line":59,"column":47},"end":{"line":74,"column":3}}},"6":{"name":"(anonymous_6)","decl":{"start":{"line":67,"column":28},"end":{"line":67,"column":29}},"loc":{"start":{"line":67,"column":38},"end":{"line":67,"column":46}}},"7":{"name":"(anonymous_7)","decl":{"start":{"line":76,"column":28},"end":{"line":76,"column":31}},"loc":{"start":{"line":76,"column":33},"end":{"line":82,"column":3}}},"8":{"name":"(anonymous_8)","decl":{"start":{"line":84,"column":28},"end":{"line":84,"column":31}},"loc":{"start":{"line":84,"column":33},"end":{"line":90,"column":3}}},"9":{"name":"(anonymous_9)","decl":{"start":{"line":92,"column":33},"end":{"line":92,"column":34}},"loc":{"start":{"line":92,"column":54},"end":{"line":94,"column":3}}},"10":{"name":"(anonymous_10)","decl":{"start":{"line":93,"column":16},"end":{"line":93,"column":17}},"loc":{"start":{"line":93,"column":26},"end":{"line":93,"column":44}}}},"branchMap":{"0":{"loc":{"start":{"line":29,"column":4},"end":{"line":43,"column":5}},"type":"if","locations":[{"start":{"line":29,"column":4},"end":{"line":43,"column":5}},{"start":{},"end":{}}]},"1":{"loc":{"start":{"line":29,"column":8},"end":{"line":29,"column":73}},"type":"binary-expr","locations":[{"start":{"line":29,"column":8},"end":{"line":29,"column":27}},{"start":{"line":29,"column":31},"end":{"line":29,"column":43}},{"start":{"line":29,"column":47},"end":{"line":29,"column":73}}]},"2":{"loc":{"start":{"line":32,"column":6},"end":{"line":42,"column":7}},"type":"if","locations":[{"start":{"line":32,"column":6},"end":{"line":42,"column":7}},{"start":{"line":40,"column":13},"end":{"line":42,"column":7}}]},"3":{"loc":{"start":{"line":36,"column":8},"end":{"line":39,"column":9}},"type":"if","locations":[{"start":{"line":36,"column":8},"end":{"line":39,"column":9}},{"start":{},"end":{}}]},"4":{"loc":{"start":{"line":53,"column":4},"end":{"line":56,"column":5}},"type":"if","locations":[{"start":{"line":53,"column":4},"end":{"line":56,"column":5}},{"start":{},"end":{}}]},"5":{"loc":{"start":{"line":53,"column":8},"end":{"line":53,"column":42}},"type":"binary-expr","locations":[{"start":{"line":53,"column":8},"end":{"line":53,"column":19}},{"start":{"line":53,"column":23},"end":{"line":53,"column":42}}]},"6":{"loc":{"start":{"line":66,"column":6},"end":{"line":69,"column":7}},"type":"if","locations":[{"start":{"line":66,"column":6},"end":{"line":69,"column":7}},{"start":{},"end":{}}]}},"s":{"0":1,"1":1,"2":1,"3":1,"4":166,"5":166,"6":166,"7":166,"8":166,"9":166,"10":166,"11":166,"12":56,"13":33,"14":33,"15":31,"16":31,"17":31,"18":1,"19":1,"20":2,"21":166,"22":18,"23":166,"24":23,"25":2,"26":2,"27":166,"28":1,"29":1,"30":1,"31":1,"32":1,"33":1,"34":1,"35":0,"36":0,"37":166,"38":6,"39":6,"40":6,"41":6,"42":6,"43":166,"44":1,"45":1,"46":1,"47":1,"48":1,"49":166,"50":10,"51":10,"52":166},"f":{"0":166,"1":56,"2":31,"3":18,"4":23,"5":1,"6":1,"7":6,"8":1,"9":10,"10":10},"b":{"0":[33,23],"1":[56,41,39],"2":[31,2],"3":[1,30],"4":[2,21],"5":[23,5],"6":[1,0]}}
,"D:\\projets\\face-liveness-check\\src\\hooks\\use-mobile.ts": {"path":"D:\\projets\\face-liveness-check\\src\\hooks\\use-mobile.ts","statementMap":{"0":{"start":{"line":5,"column":0},"end":{"line":5,"column":16}},"1":{"start":{"line":1,"column":0},"end":{"line":1,"column":30}},"2":{"start":{"line":3,"column":26},"end":{"line":3,"column":29}},"3":{"start":{"line":6,"column":34},"end":{"line":6,"column":80}},"4":{"start":{"line":8,"column":2},"end":{"line":16,"column":null}},"5":{"start":{"line":9,"column":16},"end":{"line":9,"column":76}},"6":{"start":{"line":10,"column":21},"end":{"line":12,"column":5}},"7":{"start":{"line":11,"column":6},"end":{"line":11,"column":null}},"8":{"start":{"line":13,"column":4},"end":{"line":13,"column":null}},"9":{"start":{"line":14,"column":4},"end":{"line":14,"column":null}},"10":{"start":{"line":15,"column":4},"end":{"line":15,"column":null}},"11":{"start":{"line":15,"column":17},"end":{"line":15,"column":60}},"12":{"start":{"line":18,"column":2},"end":{"line":18,"column":null}}},"fnMap":{"0":{"name":"useIsMobile","decl":{"start":{"line":5,"column":16},"end":{"line":5,"column":27}},"loc":{"start":{"line":5,"column":27},"end":{"line":19,"column":1}}},"1":{"name":"(anonymous_1)","decl":{"start":{"line":8,"column":18},"end":{"line":8,"column":21}},"loc":{"start":{"line":8,"column":23},"end":{"line":16,"column":3}}},"2":{"name":"(anonymous_2)","decl":{"start":{"line":10,"column":21},"end":{"line":10,"column":24}},"loc":{"start":{"line":10,"column":26},"end":{"line":12,"column":5}}},"3":{"name":"(anonymous_3)","decl":{"start":{"line":15,"column":11},"end":{"line":15,"column":14}},"loc":{"start":{"line":15,"column":17},"end":{"line":15,"column":60}}}},"branchMap":{},"s":{"0":0,"1":0,"2":0,"3":0,"4":0,"5":0,"6":0,"7":0,"8":0,"9":0,"10":0,"11":0,"12":0},"f":{"0":0,"1":0,"2":0,"3":0},"b":{}}
,"D:\\projets\\face-liveness-check\\src\\hooks\\use-photo-capture.ts": {"path":"D:\\projets\\face-liveness-check\\src\\hooks\\use-photo-capture.ts","statementMap":{"0":{"start":{"line":4,"column":0},"end":{"line":4,"column":16}},"1":{"start":{"line":1,"column":0},"end":{"line":1,"column":53}},"2":{"start":{"line":5,"column":20},"end":{"line":5,"column":51}},"3":{"start":{"line":6,"column":36},"end":{"line":6,"column":51}},"4":{"start":{"line":8,"column":18},"end":{"line":52,"column":null}},"5":{"start":{"line":10,"column":6},"end":{"line":50,"column":null}},"6":{"start":{"line":11,"column":8},"end":{"line":11,"column":null}},"7":{"start":{"line":13,"column":8},"end":{"line":49,"column":null}},"8":{"start":{"line":14,"column":25},"end":{"line":14,"column":42}},"9":{"start":{"line":15,"column":24},"end":{"line":15,"column":40}},"10":{"start":{"line":17,"column":10},"end":{"line":21,"column":11}},"11":{"start":{"line":18,"column":12},"end":{"line":18,"column":null}},"12":{"start":{"line":19,"column":12},"end":{"line":19,"column":null}},"13":{"start":{"line":20,"column":12},"end":{"line":20,"column":18}},"14":{"start":{"line":23,"column":10},"end":{"line":48,"column":11}},"15":{"start":{"line":25,"column":12},"end":{"line":25,"column":null}},"16":{"start":{"line":26,"column":12},"end":{"line":26,"column":null}},"17":{"start":{"line":28,"column":24},"end":{"line":28,"column":47}},"18":{"start":{"line":29,"column":12},"end":{"line":31,"column":13}},"19":{"start":{"line":30,"column":14},"end":{"line":30,"column":null}},"20":{"start":{"line":34,"column":12},"end":{"line":34,"column":null}},"21":{"start":{"line":36,"column":28},"end":{"line":36,"column":63}},"22":{"start":{"line":37,"column":40},"end":{"line":41,"column":null}},"23":{"start":{"line":43,"column":12},"end":{"line":43,"column":null}},"24":{"start":{"line":44,"column":12},"end":{"line":44,"column":null}},"25":{"start":{"line":46,"column":12},"end":{"line":46,"column":null}},"26":{"start":{"line":47,"column":12},"end":{"line":47,"column":null}},"27":{"start":{"line":55,"column":19},"end":{"line":60,"column":8}},"28":{"start":{"line":56,"column":17},"end":{"line":56,"column":44}},"29":{"start":{"line":57,"column":4},"end":{"line":57,"column":null}},"30":{"start":{"line":58,"column":4},"end":{"line":58,"column":null}},"31":{"start":{"line":59,"column":4},"end":{"line":59,"column":null}},"32":{"start":{"line":62,"column":2},"end":{"line":67,"column":null}}},"fnMap":{"0":{"name":"usePhotoCapture","decl":{"start":{"line":4,"column":16},"end":{"line":4,"column":31}},"loc":{"start":{"line":4,"column":31},"end":{"line":68,"column":1}}},"1":{"name":"(anonymous_1)","decl":{"start":{"line":9,"column":4},"end":{"line":9,"column":5}},"loc":{"start":{"line":9,"column":82},"end":{"line":51,"column":5}}},"2":{"name":"(anonymous_2)","decl":{"start":{"line":10,"column":25},"end":{"line":10,"column":26}},"loc":{"start":{"line":10,"column":45},"end":{"line":50,"column":7}}},"3":{"name":"(anonymous_3)","decl":{"start":{"line":13,"column":19},"end":{"line":13,"column":22}},"loc":{"start":{"line":13,"column":24},"end":{"line":49,"column":9}}},"4":{"name":"(anonymous_4)","decl":{"start":{"line":55,"column":31},"end":{"line":55,"column":32}},"loc":{"start":{"line":55,"column":52},"end":{"line":60,"column":3}}}},"branchMap":{"0":{"loc":{"start":{"line":17,"column":10},"end":{"line":21,"column":11}},"type":"if","locations":[{"start":{"line":17,"column":10},"end":{"line":21,"column":11}},{"start":{},"end":{}}]},"1":{"loc":{"start":{"line":17,"column":14},"end":{"line":17,"column":31}},"type":"binary-expr","locations":[{"start":{"line":17,"column":14},"end":{"line":17,"column":21}},{"start":{"line":17,"column":25},"end":{"line":17,"column":31}}]},"2":{"loc":{"start":{"line":29,"column":12},"end":{"line":31,"column":13}},"type":"if","locations":[{"start":{"line":29,"column":12},"end":{"line":31,"column":13}},{"start":{},"end":{}}]}},"s":{"0":1,"1":1,"2":15,"3":15,"4":15,"5":5,"6":5,"7":5,"8":5,"9":5,"10":5,"11":0,"12":0,"13":0,"14":5,"15":5,"16":5,"17":5,"18":5,"19":0,"20":5,"21":5,"22":5,"23":5,"24":5,"25":0,"26":0,"27":15,"28":1,"29":1,"30":1,"31":1,"32":15},"f":{"0":15,"1":5,"2":5,"3":5,"4":1},"b":{"0":[0,5],"1":[5,5],"2":[0,5]}}
,"D:\\projets\\face-liveness-check\\src\\hooks\\use-toast.ts": {"path":"D:\\projets\\face-liveness-check\\src\\hooks\\use-toast.ts","statementMap":{"0":{"start":{"line":191,"column":9},"end":{"line":191,"column":17}},"1":{"start":{"line":191,"column":19},"end":{"line":191,"column":24}},"2":{"start":{"line":4,"column":0},"end":{"line":4,"column":30}},"3":{"start":{"line":8,"column":20},"end":{"line":8,"column":21}},"4":{"start":{"line":9,"column":27},"end":{"line":9,"column":34}},"5":{"start":{"line":18,"column":20},"end":{"line":23,"column":null}},"6":{"start":{"line":25,"column":12},"end":{"line":25,"column":13}},"7":{"start":{"line":28,"column":2},"end":{"line":28,"column":null}},"8":{"start":{"line":29,"column":2},"end":{"line":29,"column":null}},"9":{"start":{"line":56,"column":22},"end":{"line":56,"column":70}},"10":{"start":{"line":58,"column":25},"end":{"line":72,"column":1}},"11":{"start":{"line":59,"column":2},"end":{"line":61,"column":3}},"12":{"start":{"line":60,"column":4},"end":{"line":60,"column":10}},"13":{"start":{"line":63,"column":18},"end":{"line":69,"column":24}},"14":{"start":{"line":64,"column":4},"end":{"line":64,"column":null}},"15":{"start":{"line":65,"column":4},"end":{"line":68,"column":null}},"16":{"start":{"line":71,"column":2},"end":{"line":71,"column":null}},"17":{"start":{"line":74,"column":23},"end":{"line":127,"column":1}},"18":{"start":{"line":75,"column":2},"end":{"line":126,"column":3}},"19":{"start":{"line":77,"column":6},"end":{"line":80,"column":null}},"20":{"start":{"line":83,"column":6},"end":{"line":88,"column":null}},"21":{"start":{"line":86,"column":10},"end":{"line":86,"column":66}},"22":{"start":{"line":91,"column":26},"end":{"line":91,"column":32}},"23":{"start":{"line":95,"column":6},"end":{"line":101,"column":7}},"24":{"start":{"line":96,"column":8},"end":{"line":96,"column":null}},"25":{"start":{"line":98,"column":8},"end":{"line":100,"column":null}},"26":{"start":{"line":99,"column":10},"end":{"line":99,"column":null}},"27":{"start":{"line":103,"column":6},"end":{"line":113,"column":null}},"28":{"start":{"line":106,"column":10},"end":{"line":111,"column":15}},"29":{"start":{"line":116,"column":6},"end":{"line":121,"column":7}},"30":{"start":{"line":117,"column":8},"end":{"line":120,"column":null}},"31":{"start":{"line":122,"column":6},"end":{"line":125,"column":null}},"32":{"start":{"line":124,"column":43},"end":{"line":124,"column":66}},"33":{"start":{"line":74,"column":13},"end":{"line":74,"column":23}},"34":{"start":{"line":129,"column":49},"end":{"line":129,"column":51}},"35":{"start":{"line":131,"column":25},"end":{"line":131,"column":39}},"36":{"start":{"line":134,"column":2},"end":{"line":134,"column":null}},"37":{"start":{"line":135,"column":2},"end":{"line":137,"column":null}},"38":{"start":{"line":136,"column":4},"end":{"line":136,"column":null}},"39":{"start":{"line":143,"column":13},"end":{"line":143,"column":20}},"40":{"start":{"line":145,"column":17},"end":{"line":149,"column":6}},"41":{"start":{"line":146,"column":4},"end":{"line":149,"column":6}},"42":{"start":{"line":150,"column":18},"end":{"line":150,"column":72}},"43":{"start":{"line":150,"column":24},"end":{"line":150,"column":72}},"44":{"start":{"line":152,"column":2},"end":{"line":162,"column":null}},"45":{"start":{"line":159,"column":8},"end":{"line":159,"column":null}},"46":{"start":{"line":159,"column":19},"end":{"line":159,"column":null}},"47":{"start":{"line":164,"column":2},"end":{"line":168,"column":null}},"48":{"start":{"line":172,"column":28},"end":{"line":172,"column":62}},"49":{"start":{"line":174,"column":2},"end":{"line":182,"column":null}},"50":{"start":{"line":175,"column":4},"end":{"line":175,"column":null}},"51":{"start":{"line":176,"column":4},"end":{"line":181,"column":null}},"52":{"start":{"line":177,"column":20},"end":{"line":177,"column":47}},"53":{"start":{"line":178,"column":6},"end":{"line":180,"column":7}},"54":{"start":{"line":179,"column":8},"end":{"line":179,"column":null}},"55":{"start":{"line":184,"column":2},"end":{"line":188,"column":null}},"56":{"start":{"line":187,"column":35},"end":{"line":187,"column":79}}},"fnMap":{"0":{"name":"genId","decl":{"start":{"line":27,"column":9},"end":{"line":27,"column":14}},"loc":{"start":{"line":27,"column":14},"end":{"line":30,"column":1}}},"1":{"name":"(anonymous_1)","decl":{"start":{"line":58,"column":25},"end":{"line":58,"column":26}},"loc":{"start":{"line":58,"column":45},"end":{"line":72,"column":1}}},"2":{"name":"(anonymous_2)","decl":{"start":{"line":63,"column":29},"end":{"line":63,"column":32}},"loc":{"start":{"line":63,"column":34},"end":{"line":69,"column":3}}},"3":{"name":"(anonymous_3)","decl":{"start":{"line":74,"column":23},"end":{"line":74,"column":24}},"loc":{"start":{"line":74,"column":63},"end":{"line":127,"column":1}}},"4":{"name":"(anonymous_4)","decl":{"start":{"line":85,"column":33},"end":{"line":85,"column":34}},"loc":{"start":{"line":86,"column":10},"end":{"line":86,"column":66}}},"5":{"name":"(anonymous_5)","decl":{"start":{"line":98,"column":29},"end":{"line":98,"column":30}},"loc":{"start":{"line":98,"column":39},"end":{"line":100,"column":9}}},"6":{"name":"(anonymous_6)","decl":{"start":{"line":105,"column":33},"end":{"line":105,"column":34}},"loc":{"start":{"line":106,"column":10},"end":{"line":111,"column":15}}},"7":{"name":"(anonymous_7)","decl":{"start":{"line":124,"column":36},"end":{"line":124,"column":37}},"loc":{"start":{"line":124,"column":43},"end":{"line":124,"column":66}}},"8":{"name":"dispatch","decl":{"start":{"line":133,"column":9},"end":{"line":133,"column":17}},"loc":{"start":{"line":133,"column":32},"end":{"line":138,"column":1}}},"9":{"name":"(anonymous_9)","decl":{"start":{"line":135,"column":20},"end":{"line":135,"column":21}},"loc":{"start":{"line":135,"column":33},"end":{"line":137,"column":3}}},"10":{"name":"toast","decl":{"start":{"line":142,"column":9},"end":{"line":142,"column":14}},"loc":{"start":{"line":142,"column":34},"end":{"line":169,"column":1}}},"11":{"name":"(anonymous_11)","decl":{"start":{"line":145,"column":17},"end":{"line":145,"column":18}},"loc":{"start":{"line":146,"column":4},"end":{"line":149,"column":6}}},"12":{"name":"(anonymous_12)","decl":{"start":{"line":150,"column":18},"end":{"line":150,"column":21}},"loc":{"start":{"line":150,"column":24},"end":{"line":150,"column":72}}},"13":{"name":"(anonymous_13)","decl":{"start":{"line":158,"column":20},"end":{"line":158,"column":21}},"loc":{"start":{"line":158,"column":29},"end":{"line":160,"column":7}}},"14":{"name":"useToast","decl":{"start":{"line":171,"column":9},"end":{"line":171,"column":17}},"loc":{"start":{"line":171,"column":17},"end":{"line":189,"column":1}}},"15":{"name":"(anonymous_15)","decl":{"start":{"line":174,"column":18},"end":{"line":174,"column":21}},"loc":{"start":{"line":174,"column":23},"end":{"line":182,"column":3}}},"16":{"name":"(anonymous_16)","decl":{"start":{"line":176,"column":11},"end":{"line":176,"column":14}},"loc":{"start":{"line":176,"column":16},"end":{"line":181,"column":5}}},"17":{"name":"(anonymous_17)","decl":{"start":{"line":187,"column":13},"end":{"line":187,"column":14}},"loc":{"start":{"line":187,"column":35},"end":{"line":187,"column":79}}}},"branchMap":{"0":{"loc":{"start":{"line":59,"column":2},"end":{"line":61,"column":3}},"type":"if","locations":[{"start":{"line":59,"column":2},"end":{"line":61,"column":3}},{"start":{},"end":{}}]},"1":{"loc":{"start":{"line":75,"column":2},"end":{"line":126,"column":3}},"type":"switch","locations":[{"start":{"line":76,"column":4},"end":{"line":80,"column":null}},{"start":{"line":82,"column":4},"end":{"line":88,"column":null}},{"start":{"line":90,"column":4},"end":{"line":114,"column":5}},{"start":{"line":115,"column":4},"end":{"line":125,"column":null}}]},"2":{"loc":{"start":{"line":86,"column":10},"end":{"line":86,"column":66}},"type":"cond-expr","locations":[{"start":{"line":86,"column":37},"end":{"line":86,"column":62}},{"start":{"line":86,"column":65},"end":{"line":86,"column":66}}]},"3":{"loc":{"start":{"line":95,"column":6},"end":{"line":101,"column":7}},"type":"if","locations":[{"start":{"line":95,"column":6},"end":{"line":101,"column":7}},{"start":{"line":97,"column":13},"end":{"line":101,"column":7}}]},"4":{"loc":{"start":{"line":106,"column":10},"end":{"line":111,"column":15}},"type":"cond-expr","locations":[{"start":{"line":107,"column":14},"end":{"line":110,"column":null}},{"start":{"line":111,"column":14},"end":{"line":111,"column":15}}]},"5":{"loc":{"start":{"line":106,"column":10},"end":{"line":106,"column":51}},"type":"binary-expr","locations":[{"start":{"line":106,"column":10},"end":{"line":106,"column":26}},{"start":{"line":106,"column":30},"end":{"line":106,"column":51}}]},"6":{"loc":{"start":{"line":116,"column":6},"end":{"line":121,"column":7}},"type":"if","locations":[{"start":{"line":116,"column":6},"end":{"line":121,"column":7}},{"start":{},"end":{}}]},"7":{"loc":{"start":{"line":159,"column":8},"end":{"line":159,"column":null}},"type":"if","locations":[{"start":{"line":159,"column":8},"end":{"line":159,"column":null}},{"start":{},"end":{}}]},"8":{"loc":{"start":{"line":178,"column":6},"end":{"line":180,"column":7}},"type":"if","locations":[{"start":{"line":178,"column":6},"end":{"line":180,"column":7}},{"start":{},"end":{}}]}},"s":{"0":0,"1":0,"2":0,"3":0,"4":0,"5":0,"6":0,"7":0,"8":0,"9":0,"10":0,"11":0,"12":0,"13":0,"14":0,"15":0,"16":0,"17":0,"18":0,"19":0,"20":0,"21":0,"22":0,"23":0,"24":0,"25":0,"26":0,"27":0,"28":0,"29":0,"30":0,"31":0,"32":0,"33":0,"34":0,"35":0,"36":0,"37":0,"38":0,"39":0,"40":0,"41":0,"42":0,"43":0,"44":0,"45":0,"46":0,"47":0,"48":0,"49":0,"50":0,"51":0,"52":0,"53":0,"54":0,"55":0,"56":0},"f":{"0":0,"1":0,"2":0,"3":0,"4":0,"5":0,"6":0,"7":0,"8":0,"9":0,"10":0,"11":0,"12":0,"13":0,"14":0,"15":0,"16":0,"17":0},"b":{"0":[0,0],"1":[0,0,0,0],"2":[0,0],"3":[0,0],"4":[0,0],"5":[0,0],"6":[0,0],"7":[0,0],"8":[0,0]}}
,"D:\\projets\\face-liveness-check\\src\\lib\\utils.ts": {"path":"D:\\projets\\face-liveness-check\\src\\lib\\utils.ts","statementMap":{"0":{"start":{"line":4,"column":0},"end":{"line":4,"column":16}},"1":{"start":{"line":1,"column":0},"end":{"line":1,"column":44}},"2":{"start":{"line":2,"column":0},"end":{"line":2,"column":40}},"3":{"start":{"line":5,"column":2},"end":{"line":5,"column":null}}},"fnMap":{"0":{"name":"cn","decl":{"start":{"line":4,"column":16},"end":{"line":4,"column":18}},"loc":{"start":{"line":4,"column":42},"end":{"line":6,"column":1}}}},"branchMap":{},"s":{"0":0,"1":0,"2":0,"3":0},"f":{"0":0},"b":{}}
,"D:\\projets\\face-liveness-check\\src\\types\\liveness.ts": {"path":"D:\\projets\\face-liveness-check\\src\\types\\liveness.ts","statementMap":{"0":{"start":{"line":16,"column":13},"end":{"line":20,"column":null}}},"fnMap":{},"branchMap":{},"s":{"0":3},"f":{},"b":{}}
}
