TN:
SF:src\App.tsx
FN:5,App
FNF:1
FNH:0
FNDA:0,App
DA:1,0
DA:2,0
DA:3,0
DA:5,0
DA:6,0
LF:5
LH:0
BRF:0
BRH:0
end_of_record
TN:
SF:src\components\head-avatar.tsx
FN:6,HeadAvatar
FNF:1
FNH:0
FNDA:0,HeadAvatar
DA:6,0
DA:8,0
DA:9,0
DA:36,0
DA:37,0
DA:64,0
LF:6
LH:0
BRDA:6,0,0,0
BRDA:8,1,0,0
BRDA:8,1,1,0
BRDA:36,2,0,0
BRDA:36,2,1,0
BRF:5
BRH:0
end_of_record
TN:
SF:src\components\theme-provider.tsx
FN:19,(anonymous_0)
FN:24,ThemeProvider
FN:31,(anonymous_2)
FN:34,(anonymous_3)
FN:54,(anonymous_4)
FN:67,(anonymous_5)
FNF:6
FNH:0
FNDA:0,(anonymous_0)
FNDA:0,ThemeProvider
FNDA:0,(anonymous_2)
FNDA:0,(anonymous_3)
FNDA:0,(anonymous_4)
FNDA:0,(anonymous_5)
DA:1,0
DA:2,0
DA:17,0
DA:19,0
DA:22,0
DA:24,0
DA:30,0
DA:31,0
DA:34,0
DA:35,0
DA:37,0
DA:39,0
DA:40,0
DA:45,0
DA:46,0
DA:49,0
DA:52,0
DA:55,0
DA:56,0
DA:60,0
DA:67,0
DA:68,0
DA:70,0
DA:71,0
DA:73,0
LF:25
LH:0
BRDA:26,0,0,0
BRDA:27,1,0,0
BRDA:31,2,0,0
BRDA:31,2,1,0
BRDA:39,3,0,0
BRDA:39,3,1,0
BRDA:40,4,0,0
BRDA:40,4,1,0
BRDA:70,5,0,0
BRDA:70,5,1,0
BRF:10
BRH:0
end_of_record
TN:
SF:src\components\theme-toggle.tsx
FN:5,ThemeToggle
FN:8,(anonymous_1)
FNF:2
FNH:0
FNDA:0,ThemeToggle
FNDA:0,(anonymous_1)
DA:1,0
DA:2,0
DA:3,0
DA:5,0
DA:6,0
DA:8,0
DA:9,0
DA:12,0
LF:8
LH:0
BRDA:9,0,0,0
BRDA:9,0,1,0
BRF:2
BRH:0
end_of_record
TN:
SF:src\components\liveness-check\LivenessCaptureGallery.tsx
FN:20,LivenessCaptureGallery
FN:23,(anonymous_1)
FN:37,(anonymous_2)
FN:39,(anonymous_3)
FN:60,(anonymous_4)
FNF:5
FNH:4
FNDA:12,LivenessCaptureGallery
FNDA:0,(anonymous_1)
FNDA:22,(anonymous_2)
FNDA:34,(anonymous_3)
FNDA:18,(anonymous_4)
DA:20,1
DA:29,12
DA:30,1
DA:33,11
DA:34,0
DA:37,22
DA:39,34
DA:43,11
DA:61,18
LF:9
LH:8
BRDA:23,0,0,0
BRDA:29,1,0,1
BRDA:29,1,1,11
BRDA:29,2,0,12
BRDA:29,2,1,1
BRDA:33,3,0,0
BRDA:33,3,1,11
BRDA:46,4,0,1
BRDA:46,4,1,10
BRDA:56,5,0,2
BRDA:56,5,1,9
BRDA:61,6,0,10
BRDA:61,6,1,8
BRDA:67,7,0,8
BRDA:67,7,1,0
BRF:15
BRH:12
end_of_record
TN:
SF:src\components\liveness-check\LivenessCheckContainer.tsx
FN:8,LivenessCheckContainer
FN:14,(anonymous_1)
FN:20,(anonymous_2)
FN:38,(anonymous_3)
FN:45,(anonymous_4)
FN:50,(anonymous_5)
FN:57,(anonymous_6)
FNF:7
FNH:0
FNDA:0,LivenessCheckContainer
FNDA:0,(anonymous_1)
FNDA:0,(anonymous_2)
FNDA:0,(anonymous_3)
FNDA:0,(anonymous_4)
FNDA:0,(anonymous_5)
FNDA:0,(anonymous_6)
DA:1,0
DA:2,0
DA:3,0
DA:4,0
DA:5,0
DA:8,0
DA:9,0
DA:12,0
DA:14,0
DA:17,0
DA:19,0
DA:21,0
DA:22,0
DA:35,0
DA:39,0
DA:40,0
DA:45,0
DA:46,0
DA:47,0
DA:50,0
DA:51,0
DA:52,0
DA:53,0
DA:56,0
DA:58,0
DA:63,0
LF:26
LH:0
BRF:0
BRH:0
end_of_record
TN:
SF:src\components\liveness-check\LivenessCheckPresenter.tsx
FN:28,LivenessCheckPresenter
FN:73,(anonymous_1)
FN:81,(anonymous_2)
FN:86,(anonymous_3)
FN:135,(anonymous_4)
FN:177,(anonymous_5)
FN:182,(anonymous_6)
FN:199,(anonymous_7)
FN:226,(anonymous_8)
FN:240,(anonymous_9)
FNF:10
FNH:0
FNDA:0,LivenessCheckPresenter
FNDA:0,(anonymous_1)
FNDA:0,(anonymous_2)
FNDA:0,(anonymous_3)
FNDA:0,(anonymous_4)
FNDA:0,(anonymous_5)
FNDA:0,(anonymous_6)
FNDA:0,(anonymous_7)
FNDA:0,(anonymous_8)
FNDA:0,(anonymous_9)
DA:1,0
DA:2,0
DA:3,0
DA:4,0
DA:5,0
DA:6,0
DA:7,0
DA:28,0
DA:41,0
DA:74,0
DA:82,0
DA:87,0
DA:136,0
DA:177,0
DA:182,0
DA:200,0
DA:227,0
DA:240,0
LF:18
LH:0
BRDA:89,0,0,0
BRDA:89,0,1,0
BRDA:94,1,0,0
BRDA:94,1,1,0
BRDA:101,2,0,0
BRDA:101,2,1,0
BRDA:148,3,0,0
BRDA:148,3,1,0
BRDA:158,4,0,0
BRDA:158,4,1,0
BRDA:171,5,0,0
BRDA:171,5,1,0
BRDA:202,6,0,0
BRDA:202,6,1,0
BRDA:206,7,0,0
BRDA:206,7,1,0
BRDA:212,8,0,0
BRDA:212,8,1,0
BRDA:230,9,0,0
BRDA:230,9,1,0
BRF:20
BRH:0
end_of_record
TN:
SF:src\components\liveness-check\LivenessStepsList.tsx
FN:21,LivenessStepsList
FN:30,(anonymous_1)
FN:33,(anonymous_2)
FN:54,(anonymous_3)
FNF:4
FNH:4
FNDA:10,LivenessStepsList
FNDA:30,(anonymous_1)
FNDA:9,(anonymous_2)
FNDA:24,(anonymous_3)
DA:21,1
DA:30,30
DA:33,9
DA:37,10
DA:55,24
LF:5
LH:5
BRDA:34,0,0,30
BRDA:34,0,1,10
BRDA:40,1,0,1
BRDA:40,1,1,9
BRDA:50,2,0,2
BRDA:50,2,1,8
BRDA:55,3,0,15
BRDA:55,3,1,9
BRF:8
BRH:8
end_of_record
TN:
SF:src\components\liveness-check\LivenessVideoArea.tsx
FN:22,LivenessVideoArea
FNF:1
FNH:1
FNDA:17,LivenessVideoArea
DA:22,1
DA:32,17
LF:2
LH:2
BRDA:44,0,0,11
BRDA:44,0,1,6
BRDA:49,1,0,17
BRDA:49,1,1,11
BRDA:49,1,2,1
BRDA:52,2,0,17
BRDA:52,2,1,6
BRDA:52,2,2,2
BRDA:55,3,0,17
BRDA:55,3,1,2
BRDA:60,4,0,17
BRDA:60,4,1,3
BRDA:63,5,0,17
BRDA:63,5,1,1
BRDA:63,5,2,1
BRDA:66,6,0,17
BRDA:66,6,1,3
BRF:17
BRH:17
end_of_record
TN:
SF:src\components\liveness-check\index.ts
FN:1,(anonymous_0)
FN:2,(anonymous_1)
FN:3,(anonymous_2)
FN:4,(anonymous_3)
FN:5,(anonymous_4)
FN:6,(anonymous_5)
FNF:6
FNH:0
FNDA:0,(anonymous_0)
FNDA:0,(anonymous_1)
FNDA:0,(anonymous_2)
FNDA:0,(anonymous_3)
FNDA:0,(anonymous_4)
FNDA:0,(anonymous_5)
DA:1,0
DA:2,0
DA:3,0
DA:4,0
DA:5,0
DA:6,0
LF:6
LH:0
BRF:0
BRH:0
end_of_record
TN:
SF:src\hooks\use-camera.ts
FN:9,useCamera
FN:14,(anonymous_1)
FN:16,(anonymous_2)
FN:22,(anonymous_3)
FN:29,(anonymous_4)
FNF:5
FNH:0
FNDA:0,useCamera
FNDA:0,(anonymous_1)
FNDA:0,(anonymous_2)
FNDA:0,(anonymous_3)
FNDA:0,(anonymous_4)
DA:1,0
DA:2,0
DA:9,0
DA:10,0
DA:11,0
DA:14,0
DA:15,0
DA:16,0
DA:17,0
DA:18,0
DA:22,0
DA:23,0
DA:24,0
DA:29,0
DA:30,0
DA:33,0
LF:16
LH:0
BRDA:15,0,0,0
BRDA:15,0,1,0
BRDA:15,1,0,0
BRDA:15,1,1,0
BRDA:15,1,2,0
BRDA:23,2,0,0
BRDA:23,2,1,0
BRF:7
BRH:0
end_of_record
TN:
SF:src\hooks\use-face-detection.ts
FN:6,useFaceDetection
FN:14,(anonymous_1)
FN:17,initializeFaceLandmarker
FN:45,(anonymous_3)
FN:55,(anonymous_4)
FN:100,(anonymous_5)
FN:116,(anonymous_6)
FN:144,(anonymous_7)
FN:151,(anonymous_8)
FNF:9
FNH:0
FNDA:0,useFaceDetection
FNDA:0,(anonymous_1)
FNDA:0,initializeFaceLandmarker
FNDA:0,(anonymous_3)
FNDA:0,(anonymous_4)
FNDA:0,(anonymous_5)
FNDA:0,(anonymous_6)
FNDA:0,(anonymous_7)
FNDA:0,(anonymous_8)
DA:1,0
DA:2,0
DA:6,0
DA:7,0
DA:8,0
DA:9,0
DA:10,0
DA:11,0
DA:14,0
DA:15,0
DA:18,0
DA:19,0
DA:23,0
DA:34,0
DA:35,0
DA:36,0
DA:39,0
DA:43,0
DA:45,0
DA:46,0
DA:47,0
DA:48,0
DA:50,0
DA:55,0
DA:56,0
DA:57,0
DA:60,0
DA:70,0
DA:71,0
DA:72,0
DA:73,0
DA:74,0
DA:77,0
DA:78,0
DA:81,0
DA:84,0
DA:87,0
DA:88,0
DA:90,0
DA:91,0
DA:92,0
DA:93,0
DA:95,0
DA:100,0
DA:101,0
DA:102,0
DA:110,0
DA:111,0
DA:113,0
DA:116,0
DA:117,0
DA:118,0
DA:121,0
DA:122,0
DA:127,0
DA:128,0
DA:130,0
DA:133,0
DA:136,0
DA:138,0
DA:139,0
DA:144,0
DA:145,0
DA:146,0
DA:149,0
DA:150,0
DA:151,0
DA:152,0
DA:155,0
DA:158,0
LF:70
LH:0
BRDA:34,0,0,0
BRDA:34,0,1,0
BRDA:47,1,0,0
BRDA:47,1,1,0
BRDA:56,2,0,0
BRDA:56,2,1,0
BRDA:56,3,0,0
BRDA:56,3,1,0
BRDA:90,4,0,0
BRDA:90,4,1,0
BRDA:92,5,0,0
BRDA:92,5,1,0
BRDA:117,6,0,0
BRDA:117,6,1,0
BRDA:117,7,0,0
BRDA:117,7,1,0
BRDA:145,8,0,0
BRDA:145,8,1,0
BRDA:149,9,0,0
BRDA:149,9,1,0
BRF:20
BRH:0
end_of_record
TN:
SF:src\hooks\use-liveness-detection.ts
FN:13,useLivenessDetection
FN:28,(anonymous_1)
FN:33,(anonymous_2)
FN:47,(anonymous_3)
FN:52,(anonymous_4)
FN:59,(anonymous_5)
FN:67,(anonymous_6)
FN:76,(anonymous_7)
FN:84,(anonymous_8)
FN:92,(anonymous_9)
FN:93,(anonymous_10)
FNF:11
FNH:11
FNDA:166,useLivenessDetection
FNDA:56,(anonymous_1)
FNDA:31,(anonymous_2)
FNDA:18,(anonymous_3)
FNDA:23,(anonymous_4)
FNDA:1,(anonymous_5)
FNDA:1,(anonymous_6)
FNDA:6,(anonymous_7)
FNDA:1,(anonymous_8)
FNDA:10,(anonymous_9)
FNDA:10,(anonymous_10)
DA:1,1
DA:2,1
DA:11,1
DA:13,1
DA:18,166
DA:19,166
DA:20,166
DA:21,166
DA:22,166
DA:24,166
DA:25,166
DA:28,166
DA:29,56
DA:30,33
DA:32,33
DA:33,31
DA:36,31
DA:37,1
DA:38,1
DA:41,2
DA:47,166
DA:48,18
DA:52,166
DA:53,23
DA:54,2
DA:55,2
DA:59,166
DA:60,1
DA:62,1
DA:63,1
DA:66,1
DA:67,1
DA:68,1
DA:71,0
DA:72,0
DA:76,166
DA:77,6
DA:78,6
DA:79,6
DA:80,6
DA:81,6
DA:84,166
DA:85,1
DA:86,1
DA:87,1
DA:88,1
DA:89,1
DA:92,166
DA:93,10
DA:96,166
LF:50
LH:48
BRDA:29,0,0,33
BRDA:29,0,1,23
BRDA:29,1,0,56
BRDA:29,1,1,41
BRDA:29,1,2,39
BRDA:32,2,0,31
BRDA:32,2,1,2
BRDA:36,3,0,1
BRDA:36,3,1,30
BRDA:53,4,0,2
BRDA:53,4,1,21
BRDA:53,5,0,23
BRDA:53,5,1,5
BRDA:66,6,0,1
BRDA:66,6,1,0
BRF:15
BRH:14
end_of_record
TN:
SF:src\hooks\use-mobile.ts
FN:5,useIsMobile
FN:8,(anonymous_1)
FN:10,(anonymous_2)
FN:15,(anonymous_3)
FNF:4
FNH:0
FNDA:0,useIsMobile
FNDA:0,(anonymous_1)
FNDA:0,(anonymous_2)
FNDA:0,(anonymous_3)
DA:1,0
DA:3,0
DA:5,0
DA:6,0
DA:8,0
DA:9,0
DA:10,0
DA:11,0
DA:13,0
DA:14,0
DA:15,0
DA:18,0
LF:12
LH:0
BRF:0
BRH:0
end_of_record
TN:
SF:src\hooks\use-photo-capture.ts
FN:4,usePhotoCapture
FN:9,(anonymous_1)
FN:10,(anonymous_2)
FN:13,(anonymous_3)
FN:55,(anonymous_4)
FNF:5
FNH:5
FNDA:15,usePhotoCapture
FNDA:5,(anonymous_1)
FNDA:5,(anonymous_2)
FNDA:5,(anonymous_3)
FNDA:1,(anonymous_4)
DA:1,1
DA:4,1
DA:5,15
DA:6,15
DA:8,15
DA:10,5
DA:11,5
DA:13,5
DA:14,5
DA:15,5
DA:17,5
DA:18,0
DA:19,0
DA:20,0
DA:23,5
DA:25,5
DA:26,5
DA:28,5
DA:29,5
DA:30,0
DA:34,5
DA:36,5
DA:37,5
DA:43,5
DA:44,5
DA:46,0
DA:47,0
DA:55,15
DA:56,1
DA:57,1
DA:58,1
DA:59,1
DA:62,15
LF:33
LH:27
BRDA:17,0,0,0
BRDA:17,0,1,5
BRDA:17,1,0,5
BRDA:17,1,1,5
BRDA:29,2,0,0
BRDA:29,2,1,5
BRF:6
BRH:4
end_of_record
TN:
SF:src\hooks\use-toast.ts
FN:27,genId
FN:58,(anonymous_1)
FN:63,(anonymous_2)
FN:74,(anonymous_3)
FN:85,(anonymous_4)
FN:98,(anonymous_5)
FN:105,(anonymous_6)
FN:124,(anonymous_7)
FN:133,dispatch
FN:135,(anonymous_9)
FN:142,toast
FN:145,(anonymous_11)
FN:150,(anonymous_12)
FN:158,(anonymous_13)
FN:171,useToast
FN:174,(anonymous_15)
FN:176,(anonymous_16)
FN:187,(anonymous_17)
FNF:18
FNH:0
FNDA:0,genId
FNDA:0,(anonymous_1)
FNDA:0,(anonymous_2)
FNDA:0,(anonymous_3)
FNDA:0,(anonymous_4)
FNDA:0,(anonymous_5)
FNDA:0,(anonymous_6)
FNDA:0,(anonymous_7)
FNDA:0,dispatch
FNDA:0,(anonymous_9)
FNDA:0,toast
FNDA:0,(anonymous_11)
FNDA:0,(anonymous_12)
FNDA:0,(anonymous_13)
FNDA:0,useToast
FNDA:0,(anonymous_15)
FNDA:0,(anonymous_16)
FNDA:0,(anonymous_17)
DA:4,0
DA:8,0
DA:9,0
DA:18,0
DA:25,0
DA:28,0
DA:29,0
DA:56,0
DA:58,0
DA:59,0
DA:60,0
DA:63,0
DA:64,0
DA:65,0
DA:71,0
DA:74,0
DA:75,0
DA:77,0
DA:83,0
DA:86,0
DA:91,0
DA:95,0
DA:96,0
DA:98,0
DA:99,0
DA:103,0
DA:106,0
DA:116,0
DA:117,0
DA:122,0
DA:124,0
DA:129,0
DA:131,0
DA:134,0
DA:135,0
DA:136,0
DA:143,0
DA:145,0
DA:146,0
DA:150,0
DA:152,0
DA:159,0
DA:164,0
DA:172,0
DA:174,0
DA:175,0
DA:176,0
DA:177,0
DA:178,0
DA:179,0
DA:184,0
DA:187,0
DA:191,0
LF:53
LH:0
BRDA:59,0,0,0
BRDA:59,0,1,0
BRDA:75,1,0,0
BRDA:75,1,1,0
BRDA:75,1,2,0
BRDA:75,1,3,0
BRDA:86,2,0,0
BRDA:86,2,1,0
BRDA:95,3,0,0
BRDA:95,3,1,0
BRDA:106,4,0,0
BRDA:106,4,1,0
BRDA:106,5,0,0
BRDA:106,5,1,0
BRDA:116,6,0,0
BRDA:116,6,1,0
BRDA:159,7,0,0
BRDA:159,7,1,0
BRDA:178,8,0,0
BRDA:178,8,1,0
BRF:20
BRH:0
end_of_record
TN:
SF:src\lib\utils.ts
FN:4,cn
FNF:1
FNH:0
FNDA:0,cn
DA:1,0
DA:2,0
DA:4,0
DA:5,0
LF:4
LH:0
BRF:0
BRH:0
end_of_record
TN:
SF:src\types\liveness.ts
FNF:0
FNH:0
DA:16,3
LF:1
LH:1
BRF:0
BRH:0
end_of_record
